<?xml version="1.0" encoding="UTF-8"?>
<testng-results ignored="0" total="1" passed="0" failed="1" skipped="0">
  <reporter-output>
  </reporter-output>
  <suite started-at="2024-01-10T14:50:25 EST" name="Default suite" finished-at="2024-01-10T14:50:37 EST" duration-ms="11691">
    <groups>
    </groups>
    <test started-at="2024-01-10T14:50:25 EST" name="Default test" finished-at="2024-01-10T14:50:37 EST" duration-ms="11691">
      <class name="EcommerceWebsite.GadgetsGallery.HomeTest">
        <test-method is-config="true" signature="verifyLoginFunc()[pri:0, instance:EcommerceWebsite.GadgetsGallery.HomeTest@16610890]" started-at="2024-01-10T14:50:25 EST" name="verifyLoginFunc" finished-at="2024-01-10T14:50:35 EST" duration-ms="10519" status="PASS">
          <reporter-output>
          </reporter-output>
        </test-method> <!-- verifyLoginFunc -->
        <test-method signature="VerifyAppleLink()[pri:0, instance:EcommerceWebsite.GadgetsGallery.HomeTest@16610890]" started-at="2024-01-10T14:50:35 EST" name="VerifyAppleLink" finished-at="2024-01-10T14:50:36 EST" duration-ms="26" status="FAIL">
          <exception class="org.openqa.selenium.support.ui.UnexpectedTagNameException">
            <message>
              <![CDATA[Element should have been "select" but was "option"
Build info: version: '3.141.59', revision: 'e82be7d358', time: '2018-11-14T08:17:03'
System info: host: 'MILANTHAKKAR', ip: '10.0.0.74', os.name: 'Windows 10', os.arch: 'amd64', os.version: '10.0', java.version: '17.0.1'
Driver info: driver.version: unknown]]>
            </message>
            <full-stacktrace>
              <![CDATA[org.openqa.selenium.support.ui.UnexpectedTagNameException: Element should have been "select" but was "option"
Build info: version: '3.141.59', revision: 'e82be7d358', time: '2018-11-14T08:17:03'
System info: host: 'MILANTHAKKAR', ip: '10.0.0.74', os.name: 'Windows 10', os.arch: 'amd64', os.version: '10.0', java.version: '17.0.1'
Driver info: driver.version: unknown
at org.openqa.selenium.support.ui.Select.<init>(Select.java:48)
at PageClass.HomePage.AppleDropdown(HomePage.java:35)
at EcommerceWebsite.GadgetsGallery.HomeTest.VerifyAppleLink(HomeTest.java:68)
at java.base/jdk.internal.reflect.NativeMethodAccessorImpl.invoke0(Native Method)
at java.base/jdk.internal.reflect.NativeMethodAccessorImpl.invoke(NativeMethodAccessorImpl.java:77)
at java.base/jdk.internal.reflect.DelegatingMethodAccessorImpl.invoke(DelegatingMethodAccessorImpl.java:43)
at java.base/java.lang.reflect.Method.invoke(Method.java:568)
at org.testng.internal.invokers.MethodInvocationHelper.invokeMethod(MethodInvocationHelper.java:135)
at org.testng.internal.invokers.TestInvoker.invokeMethod(TestInvoker.java:673)
at org.testng.internal.invokers.TestInvoker.invokeTestMethod(TestInvoker.java:220)
at org.testng.internal.invokers.MethodRunner.runInSequence(MethodRunner.java:50)
at org.testng.internal.invokers.TestInvoker$MethodInvocationAgent.invoke(TestInvoker.java:945)
at org.testng.internal.invokers.TestInvoker.invokeTestMethods(TestInvoker.java:193)
at org.testng.internal.invokers.TestMethodWorker.invokeTestMethods(TestMethodWorker.java:146)
at org.testng.internal.invokers.TestMethodWorker.run(TestMethodWorker.java:128)
at java.base/java.util.ArrayList.forEach(ArrayList.java:1511)
at org.testng.TestRunner.privateRun(TestRunner.java:808)
at org.testng.TestRunner.run(TestRunner.java:603)
at org.testng.SuiteRunner.runTest(SuiteRunner.java:429)
at org.testng.SuiteRunner.runSequentially(SuiteRunner.java:423)
at org.testng.SuiteRunner.privateRun(SuiteRunner.java:383)
at org.testng.SuiteRunner.run(SuiteRunner.java:326)
at org.testng.SuiteRunnerWorker.runSuite(SuiteRunnerWorker.java:52)
at org.testng.SuiteRunnerWorker.run(SuiteRunnerWorker.java:95)
at org.testng.TestNG.runSuitesSequentially(TestNG.java:1249)
at org.testng.TestNG.runSuitesLocally(TestNG.java:1169)
at org.testng.TestNG.runSuites(TestNG.java:1092)
at org.testng.TestNG.run(TestNG.java:1060)
at org.testng.remote.AbstractRemoteTestNG.run(AbstractRemoteTestNG.java:115)
at org.testng.remote.RemoteTestNG.initAndRun(RemoteTestNG.java:251)
at org.testng.remote.RemoteTestNG.main(RemoteTestNG.java:77)
]]>
            </full-stacktrace>
          </exception> <!-- org.openqa.selenium.support.ui.UnexpectedTagNameException -->
          <reporter-output>
          </reporter-output>
        </test-method> <!-- VerifyAppleLink -->
        <test-method is-config="true" signature="tearDown()[pri:0, instance:EcommerceWebsite.GadgetsGallery.HomeTest@16610890]" started-at="2024-01-10T14:50:36 EST" name="tearDown" finished-at="2024-01-10T14:50:37 EST" duration-ms="1095" status="PASS">
          <reporter-output>
          </reporter-output>
        </test-method> <!-- tearDown -->
      </class> <!-- EcommerceWebsite.GadgetsGallery.HomeTest -->
    </test> <!-- Default test -->
  </suite> <!-- Default suite -->
</testng-results>
